Scraping 85 exercises across 3 standards...

=== RL.9-10 (32 exercises) ===
  SKIP (exists): A Doll's House
  SKIP (exists): A Thousand Splendid Suns
  SKIP (exists): Atalanta
  SKIP (exists): Haroun and the Sea of Stories
  SKIP (exists): Inferences (9th grade Indiana)
  Scraping: Inferences (9th grade) ...
    -> passage: 0 chars, questions: 0/0
  SKIP (exists): Legendborn
  SKIP (exists): Musée de Beaux Arts & Landscape with the Fall of Icarus
  SKIP (exists): Sense and Sensibility
  SKIP (exists): Text evidence (RL)
  Scraping: The Absolutely True Diary of a Part-Time Indian ...
    -> passage: 0 chars, questions: 0/0
  Scraping: The House on Mango Street ...
    -> passage: 0 chars, questions: 0/0
  Scraping: The Kite Runner ...
    -> passage: 0 chars, questions: 0/0
  Scraping: The Lottery ...
    -> passage: 0 chars, questions: 0/0
  Scraping: The Raven ...
    -> passage: 0 chars, questions: 0/0
  Scraping: The Things They Carried ...
    -> passage: 0 chars, questions: 0/0
  Scraping: To Kill a Mockingbird ...
    -> passage: 0 chars, questions: 0/0
  Scraping: Vocabulary in context (RL) ...
    -> passage: 0 chars, questions: 0/0
  Scraping: A Midsummer Night's Dream ...
    -> passage: 0 chars, questions: 0/0
  Scraping: An Ember in the Ashes ...
    -> passage: 0 chars, questions: 0/0
  Scraping: Antigone ...
    -> passage: 0 chars, questions: 0/0
  Scraping: Beowulf ...
    -> passage: 0 chars, questions: 0/0
  SKIP (exists): Children of Blood and Bone
  Scraping: Fahrenheit 451 ...
    -> passage: 0 chars, questions: 0/0
  Scraping: Romeo and Juliet ...
    -> passage: 0 chars, questions: 0/0
  Scraping: The Alchemist ...
    -> passage: 0 chars, questions: 0/0
  Scraping: The Outsiders ...
    -> passage: 0 chars, questions: 0/0
  SKIP (exists): The Sun is Also a Star
  Scraping: Things Fall Apart ...
    -> passage: 0 chars, questions: 0/0
  Scraping: Throne of Glass ...
    -> passage: 0 chars, questions: 0/0
  Scraping: Tuck Everlasting ...
    -> passage: 0 chars, questions: 0/0
  Scraping: Wuthering Heights ...
    -> passage: 0 chars, questions: 0/0

=== RI.9-10 (48 exercises) ===
  SKIP (exists): "It Is Time to Reassess Our National Priorities" by Shirley Chisholm
  SKIP (exists): Born a Crime: Stories From a South African Childhood
  SKIP (exists): Death marks the spot: The hunt for Forrest Fenn's treasure
  SKIP (exists): Death on the ice: The mystery and tragedy of the Franklin Expedition
  SKIP (exists): Democracy: Stories from the Long Road to Freedom
  Scraping: Exploration is exploitation: Why uncontacted tribes should be left alone ...
    -> passage: 0 chars, questions: 0/0
  SKIP (exists): How loneliness changes the way our brains process the world
  Scraping: How World War I sparked the artistic movement that transformed Black America ...
    -> passage: 0 chars, questions: 0/0
  SKIP (exists): I Am Malala
  Scraping: I Never Thought of It That Way ...
    -> passage: 3012 chars, questions: 1/4
  Scraping: Inferences (RI 9th) ...
    -> passage: 0 chars, questions: 0/0
  Scraping: Just Mercy: A Story of Justice and Redemption ...
    -> passage: 0 chars, questions: 0/0
  Scraping: Never Caught: The Washingtons' Relentless Pursuit of Their Runaway Slave ...
    -> passage: 0 chars, questions: 0/0
  Scraping: On Earth We're Briefly Gorgeous ...
    -> passage: 0 chars, questions: 0/0
  Scraping: Parable of the Sower ...
    -> passage: 0 chars, questions: 0/0
  Scraping: Stamped: Racism, Antiracism, and You ...
    -> passage: 0 chars, questions: 0/0
  Scraping: Text evidence (RI) ...
    -> passage: 0 chars, questions: 0/0
  Scraping: The Anthropocene Reviewed ...
    -> passage: 0 chars, questions: 0/0
  SKIP (exists): The Immortal Life of Henrietta Lacks
  Scraping: The Monsters Are Due on Maple Street ...
    -> passage: 0 chars, questions: 0/0
  Scraping: The New Jim Crow ...
    -> passage: 0 chars, questions: 0/0
  Scraping: The Poet X ...
    -> passage: 0 chars, questions: 0/0
  Scraping: The Warmth of Other Suns ...
    -> passage: 0 chars, questions: 0/0
  Scraping: Vocabulary in context (RI) ...
    -> passage: 0 chars, questions: 0/0
  Scraping: When Stars Are Scattered ...
    -> passage: 0 chars, questions: 0/0
  Scraping: A Long Walk to Water ...
    -> passage: 0 chars, questions: 0/0
  Scraping: Braiding Sweetgrass ...
    -> passage: 0 chars, questions: 0/0
  Scraping: Enrique's Journey ...
    -> passage: 0 chars, questions: 0/0
  Scraping: Kindred ...
    -> passage: 0 chars, questions: 0/0
  Scraping: News of the World ...
    -> passage: 0 chars, questions: 0/0
  Scraping: Refugee ...
    -> passage: 0 chars, questions: 0/0
  Scraping: Salvage the Bones ...
    -> passage: 0 chars, questions: 0/0
  Scraping: Say Her Name: The Life and Death of Sandra Bland ...
    -> passage: 0 chars, questions: 0/0
  Scraping: Spare ...
    -> passage: 0 chars, questions: 0/0
  Scraping: The Boy in the Striped Pajamas ...
    -> passage: 0 chars, questions: 0/0
  Scraping: The Crucible ...
    -> passage: 0 chars, questions: 0/0
  Scraping: The Song of Achilles ...
    -> passage: 0 chars, questions: 0/0
  Scraping: Toni Morrison's Nobel Prize Lecture ...
    -> passage: 0 chars, questions: 0/0
  Scraping: We Are Not Free ...
    -> passage: 0 chars, questions: 0/0
  Scraping: When You Reach Me ...
    -> passage: 0 chars, questions: 0/0
  Scraping: White Teeth ...
    -> passage: 0 chars, questions: 0/0
  Scraping: Women in Science ...
    -> passage: 0 chars, questions: 0/0
  Scraping: Your Heart is a Muscle the Size of a Fist ...
    -> passage: 0 chars, questions: 0/0
  Scraping: Recitatif ...
    -> passage: 0 chars, questions: 0/0
  Scraping: The Great Gatsby ...
    -> passage: 0 chars, questions: 0/0
  Scraping: The Hate U Give ...
    -> passage: 0 chars, questions: 0/0
  Scraping: The Perfect Horse ...
    -> passage: 0 chars, questions: 0/0
  Scraping: The Road ...
    -> passage: 0 chars, questions: 0/0

=== L.9-10 (5 exercises) ===
  SKIP (exists): Parallel structure
  SKIP (exists): Introduction to semicolons
  SKIP (exists): Using semicolons and colons
  SKIP (exists): Using semicolons and commas
  SKIP (exists): Introduction to colons

==================================================
Done: 85/85 exercises scraped
Index saved to /Users/enrichmentcap/Documents/antigravity/ccmed/scripts/khan_scraper/output/ela_9_10_templates/index.json
