Scraping 85 exercises across 3 standards...

=== RL.9-10 (32 exercises) ===
  Scraping: A Doll's House ...
    -> passage: 5550 chars, questions: 1/4
  Scraping: A Thousand Splendid Suns ...
    -> passage: 4291 chars, questions: 1/4
  Scraping: Atalanta ...
    -> passage: 5275 chars, questions: 1/4
  Scraping: Haroun and the Sea of Stories ...
    -> passage: 4694 chars, questions: 1/4
  Scraping: Inferences (9th grade Indiana) ...
    -> passage: 0 chars, questions: 1/4
  Scraping: Inferences (9th grade) ...
    -> passage: 0 chars, questions: 0/0
  Scraping: Legendborn ...
    -> passage: 4353 chars, questions: 1/4
  Scraping: Musée de Beaux Arts & Landscape with the Fall of Icarus ...
    -> passage: 1826 chars, questions: 1/4
  Scraping: Sense and Sensibility ...
    -> passage: 4506 chars, questions: 1/5
  Scraping: Text evidence (RL) ...
    -> passage: 0 chars, questions: 1/4
  Scraping: The Absolutely True Diary of a Part-Time Indian ...
    -> passage: 0 chars, questions: 0/0
  Scraping: The House on Mango Street ...
    -> passage: 0 chars, questions: 0/0
  Scraping: The Kite Runner ...
    -> passage: 0 chars, questions: 0/0
  Scraping: The Lottery ...
    -> passage: 0 chars, questions: 0/0
  Scraping: The Raven ...
    -> passage: 0 chars, questions: 0/0
  Scraping: The Things They Carried ...
    -> passage: 0 chars, questions: 0/0
  Scraping: To Kill a Mockingbird ...
    -> passage: 0 chars, questions: 0/0
  Scraping: Vocabulary in context (RL) ...
    -> passage: 0 chars, questions: 0/0
  Scraping: A Midsummer Night's Dream ...
    -> passage: 0 chars, questions: 0/0
  Scraping: An Ember in the Ashes ...
    -> passage: 0 chars, questions: 0/0
  Scraping: Antigone ...
    -> passage: 0 chars, questions: 0/0
  Scraping: Beowulf ...
    -> passage: 0 chars, questions: 0/0
  Scraping: Children of Blood and Bone ...
    -> passage: 3966 chars, questions: 1/4
  Scraping: Fahrenheit 451 ...
    -> passage: 0 chars, questions: 0/0
  Scraping: Romeo and Juliet ...
    -> passage: 0 chars, questions: 0/0
  Scraping: The Alchemist ...
    -> passage: 0 chars, questions: 0/0
  Scraping: The Outsiders ...
    -> passage: 0 chars, questions: 0/0
  Scraping: The Sun is Also a Star ...
    -> passage: 4049 chars, questions: 1/4
  Scraping: Things Fall Apart ...
    -> passage: 0 chars, questions: 0/0
  Scraping: Throne of Glass ...
    -> passage: 0 chars, questions: 0/0
  Scraping: Tuck Everlasting ...
    -> passage: 0 chars, questions: 0/0
  Scraping: Wuthering Heights ...
    -> passage: 0 chars, questions: 0/0

=== RI.9-10 (48 exercises) ===
  Scraping: "It Is Time to Reassess Our National Priorities" by Shirley Chisholm ...
    -> passage: 4864 chars, questions: 1/4
  Scraping: Born a Crime: Stories From a South African Childhood ...
    -> passage: 6073 chars, questions: 1/4
  Scraping: Death marks the spot: The hunt for Forrest Fenn's treasure ...
    -> passage: 4726 chars, questions: 1/4
  Scraping: Death on the ice: The mystery and tragedy of the Franklin Expedition ...
    -> passage: 5384 chars, questions: 1/4
  Scraping: Democracy: Stories from the Long Road to Freedom ...
    -> passage: 4386 chars, questions: 1/4
  Scraping: Exploration is exploitation: Why uncontacted tribes should be left alone ...
    -> passage: 0 chars, questions: 0/0
  Scraping: How loneliness changes the way our brains process the world ...
    -> passage: 4292 chars, questions: 1/4
  Scraping: How World War I sparked the artistic movement that transformed Black America ...
    -> passage: 0 chars, questions: 0/0
  Scraping: I Am Malala ...
    -> passage: 4574 chars, questions: 1/4
  Scraping: I Never Thought of It That Way ...
    -> passage: 0 chars, questions: 0/0
  Scraping: Inferences (RI 9th) ...
    -> passage: 0 chars, questions: 0/0
  Scraping: Just Mercy: A Story of Justice and Redemption ...
    -> passage: 0 chars, questions: 0/0
  Scraping: Never Caught: The Washingtons' Relentless Pursuit of Their Runaway Slave ...
    -> passage: 0 chars, questions: 0/0
  Scraping: On Earth We're Briefly Gorgeous ...
    -> passage: 0 chars, questions: 0/0
  Scraping: Parable of the Sower ...
    -> passage: 0 chars, questions: 0/0
  Scraping: Stamped: Racism, Antiracism, and You ...
    -> passage: 0 chars, questions: 0/0
  Scraping: Text evidence (RI) ...
    -> passage: 0 chars, questions: 0/0
  Scraping: The Anthropocene Reviewed ...
    -> passage: 0 chars, questions: 0/0
  Scraping: The Immortal Life of Henrietta Lacks ...
    -> passage: 3807 chars, questions: 1/4
  Scraping: The Monsters Are Due on Maple Street ...
    -> passage: 0 chars, questions: 0/0
  Scraping: The New Jim Crow ...
    -> passage: 0 chars, questions: 0/0
  Scraping: The Poet X ...
    -> passage: 0 chars, questions: 0/0
  Scraping: The Warmth of Other Suns ...
    -> passage: 0 chars, questions: 0/0
  Scraping: Vocabulary in context (RI) ...
    -> passage: 0 chars, questions: 0/0
  Scraping: When Stars Are Scattered ...
    -> passage: 0 chars, questions: 0/0
  Scraping: A Long Walk to Water ...
    -> passage: 0 chars, questions: 0/0
  Scraping: Braiding Sweetgrass ...
    -> passage: 0 chars, questions: 0/0
  Scraping: Enrique's Journey ...
    -> passage: 0 chars, questions: 0/0
  Scraping: Kindred ...
    -> passage: 0 chars, questions: 0/0
  Scraping: News of the World ...
    -> passage: 0 chars, questions: 0/0
  Scraping: Refugee ...
    -> passage: 0 chars, questions: 0/0
  Scraping: Salvage the Bones ...
    -> passage: 0 chars, questions: 0/0
  Scraping: Say Her Name: The Life and Death of Sandra Bland ...
    -> passage: 0 chars, questions: 0/0
  Scraping: Spare ...
    -> passage: 0 chars, questions: 0/0
  Scraping: The Boy in the Striped Pajamas ...
    -> passage: 0 chars, questions: 0/0
  Scraping: The Crucible ...
    -> passage: 0 chars, questions: 0/0
  Scraping: The Song of Achilles ...
    -> passage: 0 chars, questions: 0/0
  Scraping: Toni Morrison's Nobel Prize Lecture ...
    -> passage: 0 chars, questions: 0/0
  Scraping: We Are Not Free ...
    -> passage: 0 chars, questions: 0/0
  Scraping: When You Reach Me ...
    -> passage: 0 chars, questions: 0/0
  Scraping: White Teeth ...
    -> passage: 0 chars, questions: 0/0
  Scraping: Women in Science ...
    -> passage: 0 chars, questions: 0/0
  Scraping: Your Heart is a Muscle the Size of a Fist ...
    -> passage: 0 chars, questions: 0/0
  Scraping: Recitatif ...
    -> passage: 0 chars, questions: 0/0
  Scraping: The Great Gatsby ...
    -> passage: 0 chars, questions: 0/0
  Scraping: The Hate U Give ...
    -> passage: 0 chars, questions: 0/0
  Scraping: The Perfect Horse ...
    -> passage: 0 chars, questions: 0/0
  Scraping: The Road ...
    -> passage: 0 chars, questions: 0/0

=== L.9-10 (5 exercises) ===
  Scraping: Parallel structure ...
    -> passage: 0 chars, questions: 1/4
  Scraping: Introduction to semicolons ...
    -> passage: 0 chars, questions: 1/4
  Scraping: Using semicolons and colons ...
    -> passage: 0 chars, questions: 1/4
  Scraping: Using semicolons and commas ...
    -> passage: 0 chars, questions: 1/4
  Scraping: Introduction to colons ...
    -> passage: 0 chars, questions: 1/4

==================================================
Done: 85/85 exercises scraped
Index saved to /Users/enrichmentcap/Documents/antigravity/ccmed/scripts/khan_scraper/output/ela_9_10_templates/index.json
